<?xml version="1.0" encoding="utf-8"?><testsuites name="pytest tests"><testsuite name="pytest" errors="0" failures="0" skipped="0" tests="45" time="14.427" timestamp="2026-04-26T00:20:57.114155+00:00" hostname="agent-env-1c8dda95-f3d4-49df-9b80-138e3c1475c5"><testcase classname="backend.tests.test_moataz_api.TestPublicAPI" name="test_get_posts" time="0.179" /><testcase classname="backend.tests.test_moataz_api.TestPublicAPI" name="test_get_posts_with_filter" time="0.058" /><testcase classname="backend.tests.test_moataz_api.TestPublicAPI" name="test_get_posts_with_search" time="0.061" /><testcase classname="backend.tests.test_moataz_api.TestPublicAPI" name="test_get_post_by_slug" time="0.820" /><testcase classname="backend.tests.test_moataz_api.TestPublicAPI" name="test_get_post_by_invalid_slug" time="0.073" /><testcase classname="backend.tests.test_moataz_api.TestPublicAPI" name="test_get_categories" time="0.426" /><testcase classname="backend.tests.test_moataz_api.TestPublicAPI" name="test_get_tags" time="0.443" /><testcase classname="backend.tests.test_moataz_api.TestPublicAPI" name="test_search" time="0.245" /><testcase classname="backend.tests.test_moataz_api.TestPublicAPI" name="test_settings" time="0.216" /><testcase classname="backend.tests.test_moataz_api.TestPublicAPI" name="test_subscribe" time="0.512" /><testcase classname="backend.tests.test_moataz_api.TestPublicAPI" name="test_subscribe_invalid_email" time="0.059" /><testcase classname="backend.tests.test_moataz_api.TestAuth" name="test_login_success_sets_cookie" time="0.402" /><testcase classname="backend.tests.test_moataz_api.TestAuth" name="test_login_invalid_credentials" time="0.231" /><testcase classname="backend.tests.test_moataz_api.TestAuth" name="test_me_with_cookie" time="0.439" /><testcase classname="backend.tests.test_moataz_api.TestAuth" name="test_me_without_cookie" time="0.147" /><testcase classname="backend.tests.test_moataz_api.TestAuth" name="test_logout_clears_cookie" time="0.482" /><testcase classname="backend.tests.test_moataz_api.TestAdminAuthEnforcement" name="test_admin_endpoints_require_auth[/api/admin/stats]" time="0.254" /><testcase classname="backend.tests.test_moataz_api.TestAdminAuthEnforcement" name="test_admin_endpoints_require_auth[/api/admin/posts]" time="0.868" /><testcase classname="backend.tests.test_moataz_api.TestAdminAuthEnforcement" name="test_admin_endpoints_require_auth[/api/admin/categories]" time="0.255" /><testcase classname="backend.tests.test_moataz_api.TestAdminAuthEnforcement" name="test_admin_endpoints_require_auth[/api/admin/tags]" time="0.359" /><testcase classname="backend.tests.test_moataz_api.TestAdminAuthEnforcement" name="test_admin_endpoints_require_auth[/api/admin/ideas]" time="0.284" /><testcase classname="backend.tests.test_moataz_api.TestAdminAuthEnforcement" name="test_admin_endpoints_require_auth[/api/admin/settings]" time="0.287" /><testcase classname="backend.tests.test_moataz_api.TestAdminAuthEnforcement" name="test_admin_endpoints_require_auth[/api/admin/pages]" time="0.459" /><testcase classname="backend.tests.test_moataz_api.TestAdminStats" name="test_stats" time="0.069" /><testcase classname="backend.tests.test_moataz_api.TestAdminCategories" name="test_create_category" time="0.068" /><testcase classname="backend.tests.test_moataz_api.TestAdminCategories" name="test_update_category" time="0.537" /><testcase classname="backend.tests.test_moataz_api.TestAdminCategories" name="test_delete_category" time="0.076" /><testcase classname="backend.tests.test_moataz_api.TestAdminTags" name="test_create_tag" time="0.095" /><testcase classname="backend.tests.test_moataz_api.TestAdminTags" name="test_update_tag" time="0.720" /><testcase classname="backend.tests.test_moataz_api.TestAdminTags" name="test_delete_tag" time="0.076" /><testcase classname="backend.tests.test_moataz_api.TestAdminPosts" name="test_create_post_draft" time="0.107" /><testcase classname="backend.tests.test_moataz_api.TestAdminPosts" name="test_update_post_to_published" time="0.733" /><testcase classname="backend.tests.test_moataz_api.TestAdminPosts" name="test_list_published" time="0.076" /><testcase classname="backend.tests.test_moataz_api.TestAdminPosts" name="test_delete_post" time="0.078" /><testcase classname="backend.tests.test_moataz_api.TestAdminIdeas" name="test_create_idea" time="0.067" /><testcase classname="backend.tests.test_moataz_api.TestAdminIdeas" name="test_approve_idea" time="0.775" /><testcase classname="backend.tests.test_moataz_api.TestAdminIdeas" name="test_convert_idea_to_draft" time="0.565" /><testcase classname="backend.tests.test_moataz_api.TestAdminIdeas" name="test_convert_idea_direct_publish_blocked" time="0.507" /><testcase classname="backend.tests.test_moataz_api.TestAdminIdeas" name="test_delete_idea" time="0.095" /><testcase classname="backend.tests.test_moataz_api.TestAdminMedia" name="test_upload_falls_back_to_inline" time="1.297" /><testcase classname="backend.tests.test_moataz_api.TestAdminSettings" name="test_get_settings" time="0.067" /><testcase classname="backend.tests.test_moataz_api.TestAdminSettings" name="test_update_settings" time="0.064" /><testcase classname="backend.tests.test_moataz_api.TestAdminPages" name="test_create_page" time="0.068" /><testcase classname="backend.tests.test_moataz_api.TestAdminPages" name="test_update_page" time="0.553" /><testcase classname="backend.tests.test_moataz_api.TestAdminPages" name="test_delete_page" time="0.078" /></testsuite></testsuites>