<?xml version="1.0" encoding="utf-8"?><testsuites name="pytest tests"><testsuite name="pytest" errors="0" failures="2" skipped="0" tests="45" time="12.526" timestamp="2026-04-25T23:44:23.122762+00:00" hostname="agent-env-1c8dda95-f3d4-49df-9b80-138e3c1475c5"><testcase classname="backend.tests.test_moataz_api.TestPublicAPI" name="test_get_posts" time="0.251" /><testcase classname="backend.tests.test_moataz_api.TestPublicAPI" name="test_get_posts_with_filter" time="0.064" /><testcase classname="backend.tests.test_moataz_api.TestPublicAPI" name="test_get_posts_with_search" time="0.068" /><testcase classname="backend.tests.test_moataz_api.TestPublicAPI" name="test_get_post_by_slug" time="0.887" /><testcase classname="backend.tests.test_moataz_api.TestPublicAPI" name="test_get_post_by_invalid_slug" time="0.073" /><testcase classname="backend.tests.test_moataz_api.TestPublicAPI" name="test_get_categories" time="0.653" /><testcase classname="backend.tests.test_moataz_api.TestPublicAPI" name="test_get_tags" time="0.217" /><testcase classname="backend.tests.test_moataz_api.TestPublicAPI" name="test_search" time="0.190" /><testcase classname="backend.tests.test_moataz_api.TestPublicAPI" name="test_settings" time="0.180" /><testcase classname="backend.tests.test_moataz_api.TestPublicAPI" name="test_subscribe" time="0.225" /><testcase classname="backend.tests.test_moataz_api.TestPublicAPI" name="test_subscribe_invalid_email" time="0.055"><failure message="assert 200 in (400, 422)&#10; +  where 200 = &lt;Response [200]&gt;.status_code">backend/tests/test_moataz_api.py:108: in test_subscribe_invalid_email
    assert r.status_code in (400, 422)
E   assert 200 in (400, 422)
E    +  where 200 = &lt;Response [200]&gt;.status_code</failure></testcase><testcase classname="backend.tests.test_moataz_api.TestAuth" name="test_login_success_sets_cookie" time="0.418" /><testcase classname="backend.tests.test_moataz_api.TestAuth" name="test_login_invalid_credentials" time="0.189" /><testcase classname="backend.tests.test_moataz_api.TestAuth" name="test_me_with_cookie" time="0.374" /><testcase classname="backend.tests.test_moataz_api.TestAuth" name="test_me_without_cookie" time="0.151" /><testcase classname="backend.tests.test_moataz_api.TestAuth" name="test_logout_clears_cookie" time="0.479" /><testcase classname="backend.tests.test_moataz_api.TestAdminAuthEnforcement" name="test_admin_endpoints_require_auth[/api/admin/stats]" time="0.213" /><testcase classname="backend.tests.test_moataz_api.TestAdminAuthEnforcement" name="test_admin_endpoints_require_auth[/api/admin/posts]" time="0.225" /><testcase classname="backend.tests.test_moataz_api.TestAdminAuthEnforcement" name="test_admin_endpoints_require_auth[/api/admin/categories]" time="0.283" /><testcase classname="backend.tests.test_moataz_api.TestAdminAuthEnforcement" name="test_admin_endpoints_require_auth[/api/admin/tags]" time="0.277" /><testcase classname="backend.tests.test_moataz_api.TestAdminAuthEnforcement" name="test_admin_endpoints_require_auth[/api/admin/ideas]" time="0.295" /><testcase classname="backend.tests.test_moataz_api.TestAdminAuthEnforcement" name="test_admin_endpoints_require_auth[/api/admin/settings]" time="0.331" /><testcase classname="backend.tests.test_moataz_api.TestAdminAuthEnforcement" name="test_admin_endpoints_require_auth[/api/admin/pages]" time="0.285" /><testcase classname="backend.tests.test_moataz_api.TestAdminStats" name="test_stats" time="0.062" /><testcase classname="backend.tests.test_moataz_api.TestAdminCategories" name="test_create_category" time="0.060" /><testcase classname="backend.tests.test_moataz_api.TestAdminCategories" name="test_update_category" time="0.243" /><testcase classname="backend.tests.test_moataz_api.TestAdminCategories" name="test_delete_category" time="0.095" /><testcase classname="backend.tests.test_moataz_api.TestAdminTags" name="test_create_tag" time="0.099" /><testcase classname="backend.tests.test_moataz_api.TestAdminTags" name="test_update_tag" time="0.656" /><testcase classname="backend.tests.test_moataz_api.TestAdminTags" name="test_delete_tag" time="0.073" /><testcase classname="backend.tests.test_moataz_api.TestAdminPosts" name="test_create_post_draft" time="0.084" /><testcase classname="backend.tests.test_moataz_api.TestAdminPosts" name="test_update_post_to_published" time="0.708" /><testcase classname="backend.tests.test_moataz_api.TestAdminPosts" name="test_list_published" time="0.062" /><testcase classname="backend.tests.test_moataz_api.TestAdminPosts" name="test_delete_post" time="0.075" /><testcase classname="backend.tests.test_moataz_api.TestAdminIdeas" name="test_create_idea" time="0.062" /><testcase classname="backend.tests.test_moataz_api.TestAdminIdeas" name="test_approve_idea" time="0.703" /><testcase classname="backend.tests.test_moataz_api.TestAdminIdeas" name="test_convert_idea_to_draft" time="0.534" /><testcase classname="backend.tests.test_moataz_api.TestAdminIdeas" name="test_convert_idea_direct_publish_blocked" time="0.249" /><testcase classname="backend.tests.test_moataz_api.TestAdminIdeas" name="test_delete_idea" time="0.095" /><testcase classname="backend.tests.test_moataz_api.TestAdminMedia" name="test_upload_falls_back_to_inline" time="1.275" /><testcase classname="backend.tests.test_moataz_api.TestAdminSettings" name="test_get_settings" time="0.055" /><testcase classname="backend.tests.test_moataz_api.TestAdminSettings" name="test_update_settings" time="0.060"><failure message="AssertionError: {&quot;success&quot;:false,&quot;error&quot;:&quot;بيانات غير صحيحة&quot;}&#10;assert 400 == 200&#10; +  where 400 = &lt;Response [400]&gt;.status_code">backend/tests/test_moataz_api.py:345: in test_update_settings
    assert r.status_code == 200, r.text
E   AssertionError: {"success":false,"error":"بيانات غير صحيحة"}
E   assert 400 == 200
E    +  where 400 = &lt;Response [400]&gt;.status_code</failure></testcase><testcase classname="backend.tests.test_moataz_api.TestAdminPages" name="test_create_page" time="0.061" /><testcase classname="backend.tests.test_moataz_api.TestAdminPages" name="test_update_page" time="0.489" /><testcase classname="backend.tests.test_moataz_api.TestAdminPages" name="test_delete_page" time="0.089" /></testsuite></testsuites>